{"level":"info","message":"Hello from acquisitions","service":"acquisitions-api","timestamp":"2026-06-28T03:34:12.730Z"}
{"level":"info","message":"::1 - - [28/Jun/2026:03:34:12 +0000] \"GET / HTTP/1.1\" 304 - \"-\" \"Mozilla/5.0 (Windows NT 10.0; Win64; x64) AppleWebKit/537.36 (KHTML, like Gecko) Chrome/149.0.0.0 Safari/537.36\"","service":"acquisitions-api","timestamp":"2026-06-28T03:34:12.754Z"}
{"level":"info","message":"::1 - - [28/Jun/2026:03:34:13 +0000] \"GET /favicon.ico HTTP/1.1\" 404 150 \"-\" \"Mozilla/5.0 (Windows NT 10.0; Win64; x64) AppleWebKit/537.36 (KHTML, like Gecko) Chrome/149.0.0.0 Safari/537.36\"","service":"acquisitions-api","timestamp":"2026-06-28T03:34:13.011Z"}
{"level":"info","message":"Hello from acquisitions","service":"acquisitions-api","timestamp":"2026-06-28T04:27:43.247Z"}
{"level":"info","message":"::1 - - [28/Jun/2026:04:27:43 +0000] \"GET / HTTP/1.1\" 304 - \"-\" \"Mozilla/5.0 (Windows NT 10.0; Win64; x64) AppleWebKit/537.36 (KHTML, like Gecko) Chrome/149.0.0.0 Safari/537.36\"","service":"acquisitions-api","timestamp":"2026-06-28T04:27:43.267Z"}
{"level":"info","message":"::1 - - [28/Jun/2026:04:27:47 +0000] \"GET /api HTTP/1.1\" 200 42 \"-\" \"Mozilla/5.0 (Windows NT 10.0; Win64; x64) AppleWebKit/537.36 (KHTML, like Gecko) Chrome/149.0.0.0 Safari/537.36\"","service":"acquisitions-api","timestamp":"2026-06-28T04:27:47.660Z"}
{"level":"info","message":"Hello from acquisitions","service":"acquisitions-api","timestamp":"2026-06-28T04:32:54.970Z"}
{"level":"info","message":"::1 - - [28/Jun/2026:04:32:54 +0000] \"GET / HTTP/1.1\" 200 23 \"-\" \"HTTPie\"","service":"acquisitions-api","timestamp":"2026-06-28T04:32:54.987Z"}
{"level":"info","message":"::1 - - [28/Jun/2026:04:33:02 +0000] \"GET /api HTTP/1.1\" 200 42 \"-\" \"HTTPie\"","service":"acquisitions-api","timestamp":"2026-06-28T04:33:02.856Z"}
{"level":"info","message":"::1 - - [28/Jun/2026:04:33:08 +0000] \"GET /health HTTP/1.1\" 200 3 \"-\" \"HTTPie\"","service":"acquisitions-api","timestamp":"2026-06-28T04:33:08.826Z"}
{"level":"info","message":"::1 - - [28/Jun/2026:04:33:13 +0000] \"GET /health HTTP/1.1\" 200 3 \"-\" \"HTTPie\"","service":"acquisitions-api","timestamp":"2026-06-28T04:33:13.965Z"}
{"level":"info","message":"::1 - - [28/Jun/2026:04:35:49 +0000] \"GET /health HTTP/1.1\" 200 73 \"-\" \"HTTPie\"","service":"acquisitions-api","timestamp":"2026-06-28T04:35:49.189Z"}
{"level":"info","message":"::1 - - [28/Jun/2026:04:36:16 +0000] \"GET /api/auth/sign-in HTTP/1.1\" 404 155 \"-\" \"HTTPie\"","service":"acquisitions-api","timestamp":"2026-06-28T04:36:16.468Z"}
{"level":"info","message":"::1 - - [28/Jun/2026:04:36:23 +0000] \"POST /api/auth/sign-in HTTP/1.1\" 200 22 \"-\" \"HTTPie\"","service":"acquisitions-api","timestamp":"2026-06-28T04:36:23.231Z"}
{"level":"info","message":"::1 - - [28/Jun/2026:05:44:33 +0000] \"POST /api/auth/sign-up HTTP/1.1\" 200 22 \"-\" \"HTTPie\"","service":"acquisitions-api","timestamp":"2026-06-28T05:44:33.363Z"}
{"level":"info","message":"::1 - - [28/Jun/2026:05:47:05 +0000] \"POST /api/auth/sign-up HTTP/1.1\" 400 92 \"-\" \"HTTPie\"","service":"acquisitions-api","timestamp":"2026-06-28T05:47:05.080Z"}
{"level":"info","message":"::1 - - [28/Jun/2026:05:48:57 +0000] \"POST /api/auth/sign-up HTTP/1.1\" 400 92 \"-\" \"HTTPie\"","service":"acquisitions-api","timestamp":"2026-06-28T05:48:57.953Z"}
{"level":"info","message":"::1 - - [28/Jun/2026:05:49:15 +0000] \"POST /api/auth/sign-up HTTP/1.1\" 400 92 \"-\" \"HTTPie\"","service":"acquisitions-api","timestamp":"2026-06-28T05:49:15.645Z"}
{"level":"info","message":"::1 - - [28/Jun/2026:05:49:24 +0000] \"POST /api/auth/sign-up HTTP/1.1\" 400 92 \"-\" \"HTTPie\"","service":"acquisitions-api","timestamp":"2026-06-28T05:49:24.192Z"}
{"level":"info","message":"::1 - - [28/Jun/2026:05:49:48 +0000] \"POST /api/auth/sign-up HTTP/1.1\" 400 196 \"-\" \"HTTPie\"","service":"acquisitions-api","timestamp":"2026-06-28T05:49:48.654Z"}
{"level":"info","message":"::1 - - [28/Jun/2026:05:51:01 +0000] \"POST /api/auth/sign-up HTTP/1.1\" 400 144 \"-\" \"HTTPie\"","service":"acquisitions-api","timestamp":"2026-06-28T05:51:01.886Z"}
{"level":"info","message":"User registered successfully :iwasimsheriff108@gmail.com","service":"acquisitions-api","timestamp":"2026-06-28T05:51:13.985Z"}
{"level":"error","message":"Signup error role is not defined","service":"acquisitions-api","stack":"ReferenceError: role is not defined\n    at signup (file:///C:/Users/ACER/WebstormProjects/DevOps-Acquisitions/src/controllers/auth.controller.js:19:33)\n    at Layer.handleRequest (C:\\Users\\ACER\\WebstormProjects\\DevOps-Acquisitions\\node_modules\\router\\lib\\layer.js:152:17)\n    at next (C:\\Users\\ACER\\WebstormProjects\\DevOps-Acquisitions\\node_modules\\router\\lib\\route.js:157:13)\n    at Route.dispatch (C:\\Users\\ACER\\WebstormProjects\\DevOps-Acquisitions\\node_modules\\router\\lib\\route.js:117:3)\n    at handle (C:\\Users\\ACER\\WebstormProjects\\DevOps-Acquisitions\\node_modules\\router\\index.js:435:11)\n    at Layer.handleRequest (C:\\Users\\ACER\\WebstormProjects\\DevOps-Acquisitions\\node_modules\\router\\lib\\layer.js:152:17)\n    at C:\\Users\\ACER\\WebstormProjects\\DevOps-Acquisitions\\node_modules\\router\\index.js:295:15\n    at processParams (C:\\Users\\ACER\\WebstormProjects\\DevOps-Acquisitions\\node_modules\\router\\index.js:582:12)\n    at next (C:\\Users\\ACER\\WebstormProjects\\DevOps-Acquisitions\\node_modules\\router\\index.js:291:5)\n    at router.handle (C:\\Users\\ACER\\WebstormProjects\\DevOps-Acquisitions\\node_modules\\router\\index.js:186:3)","timestamp":"2026-06-28T05:51:13.987Z"}
{"level":"info","message":"::1 - - [28/Jun/2026:05:51:13 +0000] \"POST /api/auth/sign-up HTTP/1.1\" 500 1383 \"-\" \"HTTPie\"","service":"acquisitions-api","timestamp":"2026-06-28T05:51:13.996Z"}
{"level":"info","message":"User registered successfully :iwasimsheriff108@gmail.com","service":"acquisitions-api","timestamp":"2026-06-28T05:51:23.030Z"}
{"level":"error","message":"Signup error role is not defined","service":"acquisitions-api","stack":"ReferenceError: role is not defined\n    at signup (file:///C:/Users/ACER/WebstormProjects/DevOps-Acquisitions/src/controllers/auth.controller.js:19:33)\n    at Layer.handleRequest (C:\\Users\\ACER\\WebstormProjects\\DevOps-Acquisitions\\node_modules\\router\\lib\\layer.js:152:17)\n    at next (C:\\Users\\ACER\\WebstormProjects\\DevOps-Acquisitions\\node_modules\\router\\lib\\route.js:157:13)\n    at Route.dispatch (C:\\Users\\ACER\\WebstormProjects\\DevOps-Acquisitions\\node_modules\\router\\lib\\route.js:117:3)\n    at handle (C:\\Users\\ACER\\WebstormProjects\\DevOps-Acquisitions\\node_modules\\router\\index.js:435:11)\n    at Layer.handleRequest (C:\\Users\\ACER\\WebstormProjects\\DevOps-Acquisitions\\node_modules\\router\\lib\\layer.js:152:17)\n    at C:\\Users\\ACER\\WebstormProjects\\DevOps-Acquisitions\\node_modules\\router\\index.js:295:15\n    at processParams (C:\\Users\\ACER\\WebstormProjects\\DevOps-Acquisitions\\node_modules\\router\\index.js:582:12)\n    at next (C:\\Users\\ACER\\WebstormProjects\\DevOps-Acquisitions\\node_modules\\router\\index.js:291:5)\n    at router.handle (C:\\Users\\ACER\\WebstormProjects\\DevOps-Acquisitions\\node_modules\\router\\index.js:186:3)","timestamp":"2026-06-28T05:51:23.031Z"}
{"level":"info","message":"::1 - - [28/Jun/2026:05:51:23 +0000] \"POST /api/auth/sign-up HTTP/1.1\" 500 1383 \"-\" \"HTTPie\"","service":"acquisitions-api","timestamp":"2026-06-28T05:51:23.032Z"}
{"level":"info","message":"::1 - - [28/Jun/2026:05:51:48 +0000] \"POST /api/auth/sign-up HTTP/1.1\" 400 196 \"-\" \"HTTPie\"","service":"acquisitions-api","timestamp":"2026-06-28T05:51:48.689Z"}
{"level":"info","message":"::1 - - [28/Jun/2026:05:54:57 +0000] \"POST /api/auth/sign-up HTTP/1.1\" 400 196 \"-\" \"HTTPie\"","service":"acquisitions-api","timestamp":"2026-06-28T05:54:57.005Z"}
{"level":"info","message":"User registered successfully :iwasimsheriff108@gmail.com","service":"acquisitions-api","timestamp":"2026-06-28T05:55:04.878Z"}
{"level":"info","message":"::1 - - [28/Jun/2026:05:55:04 +0000] \"POST /api/auth/sign-up HTTP/1.1\" 201 124 \"-\" \"HTTPie\"","service":"acquisitions-api","timestamp":"2026-06-28T05:55:04.879Z"}
{"level":"info","message":"User iwasimsheriff108@gmail.com created successfully","service":"acquisitions-api","timestamp":"2026-06-28T06:18:59.029Z"}
{"level":"error","message":"Failed to authenticate token \"expiresIn\" should be a number of seconds or string representing a timespan eg: \"1d\", \"20h\", 60","service":"acquisitions-api","stack":"Error: \"expiresIn\" should be a number of seconds or string representing a timespan eg: \"1d\", \"20h\", 60\n    at module.exports [as sign] (C:\\Users\\ACER\\WebstormProjects\\DevOps-Acquisitions\\node_modules\\jsonwebtoken\\sign.js:213:22)\n    at Object.sign (file:///C:/Users/ACER/WebstormProjects/DevOps-Acquisitions/src/utils/jwt.js:11:18)\n    at signup (file:///C:/Users/ACER/WebstormProjects/DevOps-Acquisitions/src/controllers/auth.controller.js:19:30)\n    at process.processTicksAndRejections (node:internal/process/task_queues:104:5)","timestamp":"2026-06-28T06:18:59.040Z"}
{"level":"error","message":"Signup error Failed to authenticate token","service":"acquisitions-api","stack":"Error: Failed to authenticate token\n    at Object.sign (file:///C:/Users/ACER/WebstormProjects/DevOps-Acquisitions/src/utils/jwt.js:14:13)\n    at signup (file:///C:/Users/ACER/WebstormProjects/DevOps-Acquisitions/src/controllers/auth.controller.js:19:30)\n    at process.processTicksAndRejections (node:internal/process/task_queues:104:5)","timestamp":"2026-06-28T06:18:59.041Z"}
{"level":"info","message":"::1 - - [28/Jun/2026:06:18:59 +0000] \"POST /api/auth/sign-up HTTP/1.1\" 500 503 \"-\" \"HTTPie\"","service":"acquisitions-api","timestamp":"2026-06-28T06:18:59.048Z"}
{"level":"error","message":"Error creating the user: Error: Failed query: insert into \"users\" (\"id\", \"name\", \"email\", \"password\", \"role\", \"created_at\", \"updated_at\") values (default, $1, $2, $3, $4, default, default) returning \"id\", \"name\", \"email\", \"role\", \"created_at\"\nparams: wasim,iwasimsheriff108@gmail.com,$2b$10$otTW5sdsC.E.3X8xgvgFuOJx5gVcaXTTQOOn5CT6GcW4sb7ht1ZI2,admin","service":"acquisitions-api","timestamp":"2026-06-28T06:19:10.943Z"}
{"level":"error","message":"Signup error Error creating the user","service":"acquisitions-api","stack":"Error: Error creating the user\n    at createUser (file:///C:/Users/ACER/WebstormProjects/DevOps-Acquisitions/src/services/auth.service.js:35:15)\n    at process.processTicksAndRejections (node:internal/process/task_queues:104:5)\n    at async signup (file:///C:/Users/ACER/WebstormProjects/DevOps-Acquisitions/src/controllers/auth.controller.js:18:20)","timestamp":"2026-06-28T06:19:10.949Z"}
{"level":"info","message":"::1 - - [28/Jun/2026:06:19:10 +0000] \"POST /api/auth/sign-up HTTP/1.1\" 500 515 \"-\" \"HTTPie\"","service":"acquisitions-api","timestamp":"2026-06-28T06:19:10.958Z"}
{"level":"info","message":"User ijasimsheriff268@gmail.com created successfully","service":"acquisitions-api","timestamp":"2026-06-28T06:20:19.856Z"}
{"level":"error","message":"Failed to authenticate token \"expiresIn\" should be a number of seconds or string representing a timespan eg: \"1d\", \"20h\", 60","service":"acquisitions-api","stack":"Error: \"expiresIn\" should be a number of seconds or string representing a timespan eg: \"1d\", \"20h\", 60\n    at module.exports [as sign] (C:\\Users\\ACER\\WebstormProjects\\DevOps-Acquisitions\\node_modules\\jsonwebtoken\\sign.js:213:22)\n    at Object.sign (file:///C:/Users/ACER/WebstormProjects/DevOps-Acquisitions/src/utils/jwt.js:11:18)\n    at signup (file:///C:/Users/ACER/WebstormProjects/DevOps-Acquisitions/src/controllers/auth.controller.js:19:30)\n    at process.processTicksAndRejections (node:internal/process/task_queues:104:5)","timestamp":"2026-06-28T06:20:19.861Z"}
{"level":"error","message":"Signup error Failed to authenticate token","service":"acquisitions-api","stack":"Error: Failed to authenticate token\n    at Object.sign (file:///C:/Users/ACER/WebstormProjects/DevOps-Acquisitions/src/utils/jwt.js:14:13)\n    at signup (file:///C:/Users/ACER/WebstormProjects/DevOps-Acquisitions/src/controllers/auth.controller.js:19:30)\n    at process.processTicksAndRejections (node:internal/process/task_queues:104:5)","timestamp":"2026-06-28T06:20:19.862Z"}
{"level":"info","message":"::1 - - [28/Jun/2026:06:20:19 +0000] \"POST /api/auth/sign-up HTTP/1.1\" 500 503 \"-\" \"HTTPie\"","service":"acquisitions-api","timestamp":"2026-06-28T06:20:19.864Z"}
{"level":"error","message":"Error creating the user: Error: Failed query: insert into \"users\" (\"id\", \"name\", \"email\", \"password\", \"role\", \"created_at\", \"updated_at\") values (default, $1, $2, $3, $4, default, default) returning \"id\", \"name\", \"email\", \"role\", \"created_at\"\nparams: jasim,ijasimsheriff268@gmail.com,$2b$10$a9sYdT4t1OqNvnUTO2LSwOB1t95HmTaEqVWQVFHrWY1xPD/7U16vG,user","service":"acquisitions-api","timestamp":"2026-06-28T06:23:51.774Z"}
{"level":"error","message":"Signup error Error creating the user","service":"acquisitions-api","stack":"Error: Error creating the user\n    at createUser (file:///C:/Users/ACER/WebstormProjects/DevOps-Acquisitions/src/services/auth.service.js:35:15)\n    at process.processTicksAndRejections (node:internal/process/task_queues:104:5)\n    at async signup (file:///C:/Users/ACER/WebstormProjects/DevOps-Acquisitions/src/controllers/auth.controller.js:18:20)","timestamp":"2026-06-28T06:23:51.780Z"}
{"level":"info","message":"::1 - - [28/Jun/2026:06:23:51 +0000] \"POST /api/auth/sign-up HTTP/1.1\" 500 515 \"-\" \"HTTPie\"","service":"acquisitions-api","timestamp":"2026-06-28T06:23:51.789Z"}
{"level":"error","message":"Error creating the user: Error: Failed query: insert into \"users\" (\"id\", \"name\", \"email\", \"password\", \"role\", \"created_at\", \"updated_at\") values (default, $1, $2, $3, $4, default, default) returning \"id\", \"name\", \"email\", \"role\", \"created_at\"\nparams: wasim,iwasimsheriff108@gmail.com,$2b$10$i3jFw1DQIfmJ67V38S68fu41Y.21UP8vpVkW2oqI6qC60BxotEdGq,user","service":"acquisitions-api","timestamp":"2026-06-28T06:24:06.008Z"}
{"level":"error","message":"Signup error Error creating the user","service":"acquisitions-api","stack":"Error: Error creating the user\n    at createUser (file:///C:/Users/ACER/WebstormProjects/DevOps-Acquisitions/src/services/auth.service.js:35:15)\n    at process.processTicksAndRejections (node:internal/process/task_queues:104:5)\n    at async signup (file:///C:/Users/ACER/WebstormProjects/DevOps-Acquisitions/src/controllers/auth.controller.js:18:20)","timestamp":"2026-06-28T06:24:06.008Z"}
{"level":"info","message":"::1 - - [28/Jun/2026:06:24:06 +0000] \"POST /api/auth/sign-up HTTP/1.1\" 500 515 \"-\" \"HTTPie\"","service":"acquisitions-api","timestamp":"2026-06-28T06:24:06.010Z"}
{"level":"error","message":"Error creating the user: Error: User already exists","service":"acquisitions-api","timestamp":"2026-06-28T06:34:56.036Z"}
{"level":"error","message":"Signup error Error creating the user","service":"acquisitions-api","stack":"Error: Error creating the user\n    at createUser (file:///C:/Users/ACER/WebstormProjects/DevOps-Acquisitions/src/services/auth.service.js:35:15)\n    at process.processTicksAndRejections (node:internal/process/task_queues:104:5)\n    at async signup (file:///C:/Users/ACER/WebstormProjects/DevOps-Acquisitions/src/controllers/auth.controller.js:18:20)","timestamp":"2026-06-28T06:34:56.041Z"}
{"level":"info","message":"::1 - - [28/Jun/2026:06:34:56 +0000] \"POST /api/auth/sign-up HTTP/1.1\" 500 515 \"-\" \"HTTPie\"","service":"acquisitions-api","timestamp":"2026-06-28T06:34:56.049Z"}
{"level":"error","message":"Error creating the user: Error: User already exists","service":"acquisitions-api","timestamp":"2026-06-28T06:35:53.522Z"}
{"level":"error","message":"Signup error Error creating the user","service":"acquisitions-api","stack":"Error: Error creating the user\n    at createUser (file:///C:/Users/ACER/WebstormProjects/DevOps-Acquisitions/src/services/auth.service.js:35:15)\n    at process.processTicksAndRejections (node:internal/process/task_queues:104:5)\n    at async signup (file:///C:/Users/ACER/WebstormProjects/DevOps-Acquisitions/src/controllers/auth.controller.js:18:20)","timestamp":"2026-06-28T06:35:53.523Z"}
{"level":"info","message":"::1 - - [28/Jun/2026:06:35:53 +0000] \"POST /api/auth/sign-up HTTP/1.1\" 500 515 \"-\" \"HTTPie\"","service":"acquisitions-api","timestamp":"2026-06-28T06:35:53.526Z"}
{"level":"error","message":"Error creating the user: Error: User already exists","service":"acquisitions-api","timestamp":"2026-06-28T06:43:39.389Z"}
{"level":"error","message":"Signup error User already exists","service":"acquisitions-api","stack":"Error: User already exists\n    at createUser (file:///C:/Users/ACER/WebstormProjects/DevOps-Acquisitions/src/services/auth.service.js:20:41)\n    at process.processTicksAndRejections (node:internal/process/task_queues:104:5)\n    at async signup (file:///C:/Users/ACER/WebstormProjects/DevOps-Acquisitions/src/controllers/auth.controller.js:18:20)","timestamp":"2026-06-28T06:43:39.393Z"}
{"level":"info","message":"::1 - - [28/Jun/2026:06:43:39 +0000] \"POST /api/auth/sign-up HTTP/1.1\" 500 511 \"-\" \"HTTPie\"","service":"acquisitions-api","timestamp":"2026-06-28T06:43:39.401Z"}
{"level":"info","message":"User ikasimsheriff110@gmail.com created successfully","service":"acquisitions-api","timestamp":"2026-06-28T06:44:05.322Z"}
{"level":"info","message":"User registered successfully :ikasimsheriff110@gmail.com","service":"acquisitions-api","timestamp":"2026-06-28T06:44:05.330Z"}
{"level":"info","message":"::1 - - [28/Jun/2026:06:44:05 +0000] \"POST /api/auth/sign-up HTTP/1.1\" 201 124 \"-\" \"HTTPie\"","service":"acquisitions-api","timestamp":"2026-06-28T06:44:05.335Z"}
{"level":"info","message":"User iwasimsheriff108@gmail.com created successfully","service":"acquisitions-api","timestamp":"2026-06-28T06:46:22.479Z"}
{"level":"info","message":"User registered successfully :iwasimsheriff108@gmail.com","service":"acquisitions-api","timestamp":"2026-06-28T06:46:22.489Z"}
{"level":"info","message":"::1 - - [28/Jun/2026:06:46:22 +0000] \"POST /api/auth/sign-up HTTP/1.1\" 201 124 \"-\" \"HTTPie\"","service":"acquisitions-api","timestamp":"2026-06-28T06:46:22.495Z"}
{"level":"info","message":"User ijasimsheriff268@gmail.com created successfully","service":"acquisitions-api","timestamp":"2026-06-28T06:47:09.988Z"}
{"level":"info","message":"User registered successfully :ijasimsheriff268@gmail.com","service":"acquisitions-api","timestamp":"2026-06-28T06:47:09.989Z"}
{"level":"info","message":"::1 - - [28/Jun/2026:06:47:09 +0000] \"POST /api/auth/sign-up HTTP/1.1\" 201 125 \"-\" \"HTTPie\"","service":"acquisitions-api","timestamp":"2026-06-28T06:47:09.991Z"}
